<?xml version="1.0" encoding="UTF-8"?>
<testsuite name="com.adddressbook.AdddressBookTest" tests="1" skipped="0" failures="0" errors="0" timestamp="2021-04-05T08:17:56" hostname="DESKTOP-0QBG6NF" time="0.08">
  <properties/>
  <testcase name="givenCSVFile_WhenWritten_ShouldReturn_True()" classname="com.adddressbook.AdddressBookTest" time="0.08"/>
  <system-out><![CDATA[]]></system-out>
  <system-err><![CDATA[]]></system-err>
</testsuite>
