<?xml version="1.0" encoding="UTF-8"?>
<testsuite name="com.adddressbook.AdddressBookTest" tests="1" skipped="0" failures="0" errors="0" timestamp="2021-04-01T15:22:40" hostname="DESKTOP-0QBG6NF" time="0.183">
  <properties/>
  <testcase name="whenPersonContactsAddedToFile_ISRead_ShouldReturn_True()" classname="com.adddressbook.AdddressBookTest" time="0.183"/>
  <system-out><![CDATA[
 contact is added in file
]]></system-out>
  <system-err><![CDATA[]]></system-err>
</testsuite>
