<?xml version="1.0" encoding="UTF-8"?>
<testsuite name="com.adddressbook.AdddressBookTest" tests="1" skipped="0" failures="0" errors="0" timestamp="2021-04-25T11:02:20" hostname="DESKTOP-0QBG6NF" time="1.122">
  <properties/>
  <testcase name="given4Entries_WhenAdded_ShouldGetAddedUsingThread()" classname="com.adddressbook.AdddressBookTest" time="1.122"/>
  <system-out><![CDATA[Connecting to database:jdbc:mysql://localhost:3306/address_book_service?useSSL=false
Connection is successful!!!com.mysql.jdbc.JDBC4Connection@3d11d65f
Person Being Added: Prajakta
Connecting to database:jdbc:mysql://localhost:3306/address_book_service?useSSL=false
Connection is successful!!!com.mysql.jdbc.JDBC4Connection@2d8b2497
Record Added
Person Added: Prajakta
Person Being Added: Ajinkya
Connecting to database:jdbc:mysql://localhost:3306/address_book_service?useSSL=false
Connection is successful!!!com.mysql.jdbc.JDBC4Connection@1e300da4
Record Added
Person Added: Ajinkya
Person Being Added: Harry
Connecting to database:jdbc:mysql://localhost:3306/address_book_service?useSSL=false
Connection is successful!!!com.mysql.jdbc.JDBC4Connection@7069109
Record Added
Person Added: Harry
Person Being Added: James
Connecting to database:jdbc:mysql://localhost:3306/address_book_service?useSSL=false
Connection is successful!!!com.mysql.jdbc.JDBC4Connection@ff647d7
Record Added
Person Added: James
Duration without Thread: PT0.563S

Duration with Thread: PT0.015S
Person Being Added: Ajinkya
Person Being Added: Prajakta
Connecting to database:jdbc:mysql://localhost:3306/address_book_service?useSSL=false
Connecting to database:jdbc:mysql://localhost:3306/address_book_service?useSSL=false
Connection is successful!!!com.mysql.jdbc.JDBC4Connection@7474e1ce
Connection is successful!!!com.mysql.jdbc.JDBC4Connection@52ec0858
]]></system-out>
  <system-err><![CDATA[]]></system-err>
</testsuite>
