<?xml version="1.0" encoding="UTF-8"?>
<testsuite name="com.adddressbook.AdddressBookTest" tests="1" skipped="0" failures="0" errors="0" timestamp="2021-04-25T11:09:29" hostname="DESKTOP-0QBG6NF" time="1.145">
  <properties/>
  <testcase name="given4Entries_WhenAdded_ShouldGetAddedUsingThread()" classname="com.adddressbook.AdddressBookTest" time="1.145"/>
  <system-out><![CDATA[Connecting to database:jdbc:mysql://localhost:3306/address_book_service?useSSL=false
Connection is successful!!!com.mysql.jdbc.JDBC4Connection@3d11d65f
Person Being Added: Prajakta
Connecting to database:jdbc:mysql://localhost:3306/address_book_service?useSSL=false
Connection is successful!!!com.mysql.jdbc.JDBC4Connection@2d8b2497
Record Added
Person Added: Prajakta
Person Being Added: Ajinkya
Connecting to database:jdbc:mysql://localhost:3306/address_book_service?useSSL=false
Connection is successful!!!com.mysql.jdbc.JDBC4Connection@1e300da4
Record Added
Person Added: Ajinkya
Person Being Added: Harry
Connecting to database:jdbc:mysql://localhost:3306/address_book_service?useSSL=false
Connection is successful!!!com.mysql.jdbc.JDBC4Connection@7069109
Record Added
Person Added: Harry
Person Being Added: James
Connecting to database:jdbc:mysql://localhost:3306/address_book_service?useSSL=false
Connection is successful!!!com.mysql.jdbc.JDBC4Connection@ff647d7
Record Added
Person Added: James
Duration without Thread: PT0.642S

Duration with Thread: PT0S
0
Person Being Added: Prajakta
Person Being Added: Ajinkya
0
0
Connecting to database:jdbc:mysql://localhost:3306/address_book_service?useSSL=false
Connecting to database:jdbc:mysql://localhost:3306/address_book_service?useSSL=false
0
0
0
0
0
7
8
9
10
Connection is successful!!!com.mysql.jdbc.JDBC4Connection@2adcd463
Connection is successful!!!com.mysql.jdbc.JDBC4Connection@890ef94
]]></system-out>
  <system-err><![CDATA[]]></system-err>
</testsuite>
