<?xml version="1.0" encoding="UTF-8"?>
<testsuite name="com.adddressbook.AdddressBookTest" tests="1" skipped="0" failures="0" errors="0" timestamp="2021-04-25T10:39:49" hostname="DESKTOP-0QBG6NF" time="1.211">
  <properties/>
  <testcase name="given4Entries_WhenAdded_ShouldGetAdded()" classname="com.adddressbook.AdddressBookTest" time="1.211"/>
  <system-out><![CDATA[Connecting to database:jdbc:mysql://localhost:3306/address_book_service?useSSL=false
Connection is successful!!!com.mysql.jdbc.JDBC4Connection@3a50aaab
Person Being Added: raj
Connecting to database:jdbc:mysql://localhost:3306/address_book_service?useSSL=false
Connection is successful!!!com.mysql.jdbc.JDBC4Connection@25b3735a
Record Added
Person Added: raj
Person Being Added: vishva
Connecting to database:jdbc:mysql://localhost:3306/address_book_service?useSSL=false
Connection is successful!!!com.mysql.jdbc.JDBC4Connection@6a6b33e2
Record Added
Person Added: vishva
Person Being Added: puja
Connecting to database:jdbc:mysql://localhost:3306/address_book_service?useSSL=false
Connection is successful!!!com.mysql.jdbc.JDBC4Connection@1945e2a8
Record Added
Person Added: puja
Person Being Added: shilpa
Connecting to database:jdbc:mysql://localhost:3306/address_book_service?useSSL=false
Connection is successful!!!com.mysql.jdbc.JDBC4Connection@3cb56c40
Record Added
Person Added: shilpa
Duration without Thread: PT0.735S
]]></system-out>
  <system-err><![CDATA[]]></system-err>
</testsuite>
